<?xml version="1.0" encoding="UTF-8"?>
<testng-results skipped="0" failed="0" ignored="0" total="2" passed="2">
  <reporter-output>
  </reporter-output>
  <suite name="Suite" duration-ms="11759" started-at="2018-05-06T23:55:05Z" finished-at="2018-05-06T23:55:17Z">
    <groups>
      <group name="cucumber">
        <method signature="AbstractTestNGCucumberTests.feature(cucumber.api.testng.CucumberFeatureWrapper)[pri:0, instance:TestRunner.TC01_Login@6a4f787b]" name="feature" class="cucumber.api.testng.AbstractTestNGCucumberTests"/>
        <method signature="AbstractTestNGCucumberTests.feature(cucumber.api.testng.CucumberFeatureWrapper)[pri:0, instance:TestRunner.TC02_login@685cb137]" name="feature" class="cucumber.api.testng.AbstractTestNGCucumberTests"/>
      </group> <!-- cucumber -->
    </groups>
    <test name="Test" duration-ms="11759" started-at="2018-05-06T23:55:05Z" finished-at="2018-05-06T23:55:17Z">
      <class name="TestRunner.TC01_Login">
        <test-method status="PASS" signature="setUpClass()[pri:0, instance:TestRunner.TC01_Login@6a4f787b]" name="setUpClass" is-config="true" duration-ms="194" started-at="2018-05-06T19:55:05Z" finished-at="2018-05-06T19:55:06Z">
          <reporter-output>
          </reporter-output>
        </test-method> <!-- setUpClass -->
        <test-method status="PASS" signature="feature(cucumber.api.testng.CucumberFeatureWrapper)[pri:0, instance:TestRunner.TC01_Login@6a4f787b]" name="feature" duration-ms="6007" started-at="2018-05-06T19:55:06Z" description="Runs Cucumber Feature" data-provider="features" finished-at="2018-05-06T19:55:12Z">
          <params>
            <param index="0">
              <value>
                <![CDATA[Admin Login to HRM home page]]>
              </value>
            </param>
          </params>
          <reporter-output>
          </reporter-output>
        </test-method> <!-- feature -->
        <test-method status="PASS" signature="tearDownClass()[pri:0, instance:TestRunner.TC01_Login@6a4f787b]" name="tearDownClass" is-config="true" duration-ms="7" started-at="2018-05-06T19:55:12Z" finished-at="2018-05-06T19:55:12Z">
          <reporter-output>
          </reporter-output>
        </test-method> <!-- tearDownClass -->
      </class> <!-- TestRunner.TC01_Login -->
      <class name="TestRunner.TC02_login">
        <test-method status="PASS" signature="setUpClass()[pri:0, instance:TestRunner.TC02_login@685cb137]" name="setUpClass" is-config="true" duration-ms="30" started-at="2018-05-06T19:55:12Z" finished-at="2018-05-06T19:55:12Z">
          <reporter-output>
          </reporter-output>
        </test-method> <!-- setUpClass -->
        <test-method status="PASS" signature="feature(cucumber.api.testng.CucumberFeatureWrapper)[pri:0, instance:TestRunner.TC02_login@685cb137]" name="feature" duration-ms="5435" started-at="2018-05-06T19:55:12Z" description="Runs Cucumber Feature" data-provider="features" finished-at="2018-05-06T19:55:17Z">
          <params>
            <param index="0">
              <value>
                <![CDATA[AdminLogin to HRM home page]]>
              </value>
            </param>
          </params>
          <reporter-output>
          </reporter-output>
        </test-method> <!-- feature -->
        <test-method status="PASS" signature="tearDownClass()[pri:0, instance:TestRunner.TC02_login@685cb137]" name="tearDownClass" is-config="true" duration-ms="1" started-at="2018-05-06T19:55:17Z" finished-at="2018-05-06T19:55:17Z">
          <reporter-output>
          </reporter-output>
        </test-method> <!-- tearDownClass -->
      </class> <!-- TestRunner.TC02_login -->
    </test> <!-- Test -->
  </suite> <!-- Suite -->
</testng-results>
